生成启动时间为 2018-6-15 12:10:45。
     1>项目“E:\Documents and Settings\Administrator\桌面\robot_li_gang\robot_li_gang\robot_li_gang.vcxproj”在节点 2 上(build 个目标)。
     1>InitializeBuildStatus:
         正在创建“Debug\robot_li_gang.unsuccessfulbuild”，因为已指定“AlwaysCreate”。
       ClCompile:
         所有输出均为最新。
         E:\Program Files\Microsoft Visual Studio 10.0\VC\bin\CL.exe /c /ZI /nologo /W3 /WX- /Od /Oy- /D WIN32 /D _WINDOWS /D _DEBUG /D _UNICODE /D UNICODE /D _AFXDLL /Gm /EHsc /RTC1 /MDd /GS /fp:precise /Zc:wchar_t /Zc:forScope /Yu"StdAfx.h" /Fp"Debug\robot_li_gang.pch" /Fo"Debug\\" /Fd"Debug\vc100.pdb" /Gd /TP /analyze- /errorReport:prompt robot_li_gangDlg.cpp
         robot_li_gangDlg.cpp
     1>e:\opencv\build\include\opencv2\flann\logger.h(66): warning C4996: 'fopen': This function or variable may be unsafe. Consider using fopen_s instead. To disable deprecation, use _CRT_SECURE_NO_WARNINGS. See online help for details.
                 e:\program files\microsoft visual studio 10.0\vc\include\stdio.h(234) : 参见“fopen”的声明
     1>e:\documents and settings\administrator\桌面\robot_li_gang\robot_li_gang\robot_li_gangdlg.cpp(306): warning C4018: “<”: 有符号/无符号不匹配
     1>e:\documents and settings\administrator\桌面\robot_li_gang\robot_li_gang\robot_li_gangdlg.cpp(335): warning C4018: “<”: 有符号/无符号不匹配
     1>e:\documents and settings\administrator\桌面\robot_li_gang\robot_li_gang\robot_li_gangdlg.cpp(400): warning C4244: “初始化”: 从“double”转换到“short”，可能丢失数据
       ResourceCompile:
         所有输出均为最新。
       ManifestResourceCompile:
         所有输出均为最新。
       Link:
         E:\Program Files\Microsoft Visual Studio 10.0\VC\bin\link.exe /ERRORREPORT:PROMPT /OUT:"E:\Documents and Settings\Administrator\桌面\robot_li_gang\Debug\robot_li_gang.exe" /INCREMENTAL /NOLOGO MotoCom32.lib opencv_ml249d.lib opencv_calib3d249d.lib opencv_contrib249d.lib opencv_core249d.lib opencv_features2d249d.lib opencv_flann249d.lib opencv_gpu249d.lib opencv_highgui249d.lib opencv_imgproc249d.lib opencv_legacy249d.lib opencv_objdetect249d.lib opencv_ts249d.lib opencv_video249d.lib opencv_nonfree249d.lib opencv_ocl249d.lib opencv_photo249d.lib opencv_stitching249d.lib opencv_superres249d.lib opencv_videostab249d.lib /MANIFEST /ManifestFile:"Debug\robot_li_gang.exe.intermediate.manifest" /MANIFESTUAC:"level='asInvoker' uiAccess='false'" /DEBUG /PDB:"E:\Documents and Settings\Administrator\桌面\robot_li_gang\Debug\robot_li_gang.pdb" /SUBSYSTEM:WINDOWS /TLBID:1 /ENTRY:"wWinMainCRTStartup" /DYNAMICBASE /NXCOMPAT /IMPLIB:"E:\Documents and Settings\Administrator\桌面\robot_li_gang\Debug\robot_li_gang.lib" /MACHINE:X86 Debug\robot_li_gang.res
         Debug\robot_li_gang.exe.embed.manifest.res
         Debug\robot_li_gang.obj
         Debug\robot_li_gangDlg.obj
         Debug\stdafx.obj
       Manifest:
         E:\Program Files\Microsoft SDKs\Windows\v7.0A\bin\mt.exe /nologo /verbose /out:"Debug\robot_li_gang.exe.embed.manifest" /manifest Debug\robot_li_gang.exe.intermediate.manifest "E:\Program Files\Microsoft Visual Studio 10.0\VC\Include\Manifest\dpiaware.manifest"
         所有输出均为最新。
       LinkEmbedManifest:
         所有输出均为最新。
         robot_li_gang.vcxproj -> E:\Documents and Settings\Administrator\桌面\robot_li_gang\Debug\robot_li_gang.exe
       FinalizeBuildStatus:
         正在删除文件“Debug\robot_li_gang.unsuccessfulbuild”。
         正在对“Debug\robot_li_gang.lastbuildstate”执行 Touch 任务。
     1>已完成生成项目“E:\Documents and Settings\Administrator\桌面\robot_li_gang\robot_li_gang\robot_li_gang.vcxproj”(build 个目标)的操作。

生成成功。

已用时间 00:00:02.46
